2024-04-30 17:07:27,989 - lanedet.utils.recorder - INFO - Config: 
net = dict(
    type='Detector',
)

backbone = dict(
    type='ResNetWrapper',
    resnet='resnet50',
    pretrained=True,
    replace_stride_with_dilation=[False, True, False],
    out_conv=True,
    in_channels=[64, 128, 256, -1]
)
featuremap_out_channel = 128
featuremap_out_stride = 8
sample_y = range(589, 230, -20)

aggregator = dict(
    type='SCNN',
)

heads = dict( 
    type='LaneSeg',
    decoder=dict(type='PlainDecoder'),
    exist=dict(type='ExistHead'),
    thr=0.3,
    sample_y=sample_y,
)

optimizer = dict(
  type = 'SGD',
  lr = 0.005,
  weight_decay = 1e-4,
  momentum = 0.9
)

epochs = 12
batch_size = 8
total_iter = (88880 // batch_size) * epochs
import math
scheduler = dict(
    type = 'LambdaLR',
    lr_lambda = lambda _iter : math.pow(1 - _iter/total_iter, 0.9)
)

seg_loss_weight = 1.0
eval_ep = 6
save_ep = epochs

bg_weight = 0.4

img_norm = dict(
    mean=[103.939, 116.779, 123.68],
    std=[1., 1., 1.]
)

img_height = 288
img_width = 800
cut_height = 240 
ori_img_h = 590
ori_img_w = 1640

train_process = [
    dict(type='RandomRotation', degree=(-2, 2)),
    dict(type='RandomHorizontalFlip'),
    dict(type='Resize', size=(img_width, img_height)),
    dict(type='Normalize', img_norm=img_norm),
    dict(type='ToTensor', keys=['img', 'mask', 'lane_exist']),
]

val_process = [
    dict(type='Resize', size=(img_width, img_height)),
    dict(type='Normalize', img_norm=img_norm),
    dict(type='ToTensor', keys=['img']),
]

dataset_path = './data/CULane'
dataset = dict(
    train=dict(
        type='CULane',
        data_root=dataset_path,
        split='train',
        processes=train_process,
    ),
    val=dict(
        type='CULane',
        data_root=dataset_path,
        split='test',
        processes=val_process,
    ),
    test=dict(
        type='CULane',
        data_root=dataset_path,
        split='test',
        processes=val_process,
    )
)

workers = 12
num_classes = 4 + 1
ignore_label = 255
log_interval = 1000

lr_update_by_epoch = False

2024-04-30 17:07:31,296 - lanedet.utils.recorder - INFO - Network: 
MMDataParallel(
  (module): Detector(
    (backbone): ResNetWrapper(
      (model): ResNet(
        (conv1): Conv2d(3, 64, kernel_size=(7, 7), stride=(2, 2), padding=(3, 3), bias=False)
        (bn1): BatchNorm2d(64, eps=1e-05, momentum=0.1, affine=True, track_running_stats=True)
        (relu): ReLU(inplace=True)
        (maxpool): MaxPool2d(kernel_size=3, stride=2, padding=1, dilation=1, ceil_mode=False)
        (layer1): Sequential(
          (0): Bottleneck(
            (conv1): Conv2d(64, 64, kernel_size=(1, 1), stride=(1, 1), bias=False)
            (bn1): BatchNorm2d(64, eps=1e-05, momentum=0.1, affine=True, track_running_stats=True)
            (conv2): Conv2d(64, 64, kernel_size=(3, 3), stride=(1, 1), padding=(1, 1), bias=False)
            (bn2): BatchNorm2d(64, eps=1e-05, momentum=0.1, affine=True, track_running_stats=True)
            (conv3): Conv2d(64, 256, kernel_size=(1, 1), stride=(1, 1), bias=False)
            (bn3): BatchNorm2d(256, eps=1e-05, momentum=0.1, affine=True, track_running_stats=True)
            (relu): ReLU(inplace=True)
            (downsample): Sequential(
              (0): Conv2d(64, 256, kernel_size=(1, 1), stride=(1, 1), bias=False)
              (1): BatchNorm2d(256, eps=1e-05, momentum=0.1, affine=True, track_running_stats=True)
            )
          )
          (1): Bottleneck(
            (conv1): Conv2d(256, 64, kernel_size=(1, 1), stride=(1, 1), bias=False)
            (bn1): BatchNorm2d(64, eps=1e-05, momentum=0.1, affine=True, track_running_stats=True)
            (conv2): Conv2d(64, 64, kernel_size=(3, 3), stride=(1, 1), padding=(1, 1), bias=False)
            (bn2): BatchNorm2d(64, eps=1e-05, momentum=0.1, affine=True, track_running_stats=True)
            (conv3): Conv2d(64, 256, kernel_size=(1, 1), stride=(1, 1), bias=False)
            (bn3): BatchNorm2d(256, eps=1e-05, momentum=0.1, affine=True, track_running_stats=True)
            (relu): ReLU(inplace=True)
          )
          (2): Bottleneck(
            (conv1): Conv2d(256, 64, kernel_size=(1, 1), stride=(1, 1), bias=False)
            (bn1): BatchNorm2d(64, eps=1e-05, momentum=0.1, affine=True, track_running_stats=True)
            (conv2): Conv2d(64, 64, kernel_size=(3, 3), stride=(1, 1), padding=(1, 1), bias=False)
            (bn2): BatchNorm2d(64, eps=1e-05, momentum=0.1, affine=True, track_running_stats=True)
            (conv3): Conv2d(64, 256, kernel_size=(1, 1), stride=(1, 1), bias=False)
            (bn3): BatchNorm2d(256, eps=1e-05, momentum=0.1, affine=True, track_running_stats=True)
            (relu): ReLU(inplace=True)
          )
        )
        (layer2): Sequential(
          (0): Bottleneck(
            (conv1): Conv2d(256, 128, kernel_size=(1, 1), stride=(1, 1), bias=False)
            (bn1): BatchNorm2d(128, eps=1e-05, momentum=0.1, affine=True, track_running_stats=True)
            (conv2): Conv2d(128, 128, kernel_size=(3, 3), stride=(2, 2), padding=(1, 1), bias=False)
            (bn2): BatchNorm2d(128, eps=1e-05, momentum=0.1, affine=True, track_running_stats=True)
            (conv3): Conv2d(128, 512, kernel_size=(1, 1), stride=(1, 1), bias=False)
            (bn3): BatchNorm2d(512, eps=1e-05, momentum=0.1, affine=True, track_running_stats=True)
            (relu): ReLU(inplace=True)
            (downsample): Sequential(
              (0): Conv2d(256, 512, kernel_size=(1, 1), stride=(2, 2), bias=False)
              (1): BatchNorm2d(512, eps=1e-05, momentum=0.1, affine=True, track_running_stats=True)
            )
          )
          (1): Bottleneck(
            (conv1): Conv2d(512, 128, kernel_size=(1, 1), stride=(1, 1), bias=False)
            (bn1): BatchNorm2d(128, eps=1e-05, momentum=0.1, affine=True, track_running_stats=True)
            (conv2): Conv2d(128, 128, kernel_size=(3, 3), stride=(1, 1), padding=(1, 1), bias=False)
            (bn2): BatchNorm2d(128, eps=1e-05, momentum=0.1, affine=True, track_running_stats=True)
            (conv3): Conv2d(128, 512, kernel_size=(1, 1), stride=(1, 1), bias=False)
            (bn3): BatchNorm2d(512, eps=1e-05, momentum=0.1, affine=True, track_running_stats=True)
            (relu): ReLU(inplace=True)
          )
          (2): Bottleneck(
            (conv1): Conv2d(512, 128, kernel_size=(1, 1), stride=(1, 1), bias=False)
            (bn1): BatchNorm2d(128, eps=1e-05, momentum=0.1, affine=True, track_running_stats=True)
            (conv2): Conv2d(128, 128, kernel_size=(3, 3), stride=(1, 1), padding=(1, 1), bias=False)
            (bn2): BatchNorm2d(128, eps=1e-05, momentum=0.1, affine=True, track_running_stats=True)
            (conv3): Conv2d(128, 512, kernel_size=(1, 1), stride=(1, 1), bias=False)
            (bn3): BatchNorm2d(512, eps=1e-05, momentum=0.1, affine=True, track_running_stats=True)
            (relu): ReLU(inplace=True)
          )
          (3): Bottleneck(
            (conv1): Conv2d(512, 128, kernel_size=(1, 1), stride=(1, 1), bias=False)
            (bn1): BatchNorm2d(128, eps=1e-05, momentum=0.1, affine=True, track_running_stats=True)
            (conv2): Conv2d(128, 128, kernel_size=(3, 3), stride=(1, 1), padding=(1, 1), bias=False)
            (bn2): BatchNorm2d(128, eps=1e-05, momentum=0.1, affine=True, track_running_stats=True)
            (conv3): Conv2d(128, 512, kernel_size=(1, 1), stride=(1, 1), bias=False)
            (bn3): BatchNorm2d(512, eps=1e-05, momentum=0.1, affine=True, track_running_stats=True)
            (relu): ReLU(inplace=True)
          )
        )
        (layer3): Sequential(
          (0): Bottleneck(
            (conv1): Conv2d(512, 256, kernel_size=(1, 1), stride=(1, 1), bias=False)
            (bn1): BatchNorm2d(256, eps=1e-05, momentum=0.1, affine=True, track_running_stats=True)
            (conv2): Conv2d(256, 256, kernel_size=(3, 3), stride=(1, 1), padding=(1, 1), bias=False)
            (bn2): BatchNorm2d(256, eps=1e-05, momentum=0.1, affine=True, track_running_stats=True)
            (conv3): Conv2d(256, 1024, kernel_size=(1, 1), stride=(1, 1), bias=False)
            (bn3): BatchNorm2d(1024, eps=1e-05, momentum=0.1, affine=True, track_running_stats=True)
            (relu): ReLU(inplace=True)
            (downsample): Sequential(
              (0): Conv2d(512, 1024, kernel_size=(1, 1), stride=(1, 1), bias=False)
              (1): BatchNorm2d(1024, eps=1e-05, momentum=0.1, affine=True, track_running_stats=True)
            )
          )
          (1): Bottleneck(
            (conv1): Conv2d(1024, 256, kernel_size=(1, 1), stride=(1, 1), bias=False)
            (bn1): BatchNorm2d(256, eps=1e-05, momentum=0.1, affine=True, track_running_stats=True)
            (conv2): Conv2d(256, 256, kernel_size=(3, 3), stride=(1, 1), padding=(2, 2), dilation=(2, 2), bias=False)
            (bn2): BatchNorm2d(256, eps=1e-05, momentum=0.1, affine=True, track_running_stats=True)
            (conv3): Conv2d(256, 1024, kernel_size=(1, 1), stride=(1, 1), bias=False)
            (bn3): BatchNorm2d(1024, eps=1e-05, momentum=0.1, affine=True, track_running_stats=True)
            (relu): ReLU(inplace=True)
          )
          (2): Bottleneck(
            (conv1): Conv2d(1024, 256, kernel_size=(1, 1), stride=(1, 1), bias=False)
            (bn1): BatchNorm2d(256, eps=1e-05, momentum=0.1, affine=True, track_running_stats=True)
            (conv2): Conv2d(256, 256, kernel_size=(3, 3), stride=(1, 1), padding=(2, 2), dilation=(2, 2), bias=False)
            (bn2): BatchNorm2d(256, eps=1e-05, momentum=0.1, affine=True, track_running_stats=True)
            (conv3): Conv2d(256, 1024, kernel_size=(1, 1), stride=(1, 1), bias=False)
            (bn3): BatchNorm2d(1024, eps=1e-05, momentum=0.1, affine=True, track_running_stats=True)
            (relu): ReLU(inplace=True)
          )
          (3): Bottleneck(
            (conv1): Conv2d(1024, 256, kernel_size=(1, 1), stride=(1, 1), bias=False)
            (bn1): BatchNorm2d(256, eps=1e-05, momentum=0.1, affine=True, track_running_stats=True)
            (conv2): Conv2d(256, 256, kernel_size=(3, 3), stride=(1, 1), padding=(2, 2), dilation=(2, 2), bias=False)
            (bn2): BatchNorm2d(256, eps=1e-05, momentum=0.1, affine=True, track_running_stats=True)
            (conv3): Conv2d(256, 1024, kernel_size=(1, 1), stride=(1, 1), bias=False)
            (bn3): BatchNorm2d(1024, eps=1e-05, momentum=0.1, affine=True, track_running_stats=True)
            (relu): ReLU(inplace=True)
          )
          (4): Bottleneck(
            (conv1): Conv2d(1024, 256, kernel_size=(1, 1), stride=(1, 1), bias=False)
            (bn1): BatchNorm2d(256, eps=1e-05, momentum=0.1, affine=True, track_running_stats=True)
            (conv2): Conv2d(256, 256, kernel_size=(3, 3), stride=(1, 1), padding=(2, 2), dilation=(2, 2), bias=False)
            (bn2): BatchNorm2d(256, eps=1e-05, momentum=0.1, affine=True, track_running_stats=True)
            (conv3): Conv2d(256, 1024, kernel_size=(1, 1), stride=(1, 1), bias=False)
            (bn3): BatchNorm2d(1024, eps=1e-05, momentum=0.1, affine=True, track_running_stats=True)
            (relu): ReLU(inplace=True)
          )
          (5): Bottleneck(
            (conv1): Conv2d(1024, 256, kernel_size=(1, 1), stride=(1, 1), bias=False)
            (bn1): BatchNorm2d(256, eps=1e-05, momentum=0.1, affine=True, track_running_stats=True)
            (conv2): Conv2d(256, 256, kernel_size=(3, 3), stride=(1, 1), padding=(2, 2), dilation=(2, 2), bias=False)
            (bn2): BatchNorm2d(256, eps=1e-05, momentum=0.1, affine=True, track_running_stats=True)
            (conv3): Conv2d(256, 1024, kernel_size=(1, 1), stride=(1, 1), bias=False)
            (bn3): BatchNorm2d(1024, eps=1e-05, momentum=0.1, affine=True, track_running_stats=True)
            (relu): ReLU(inplace=True)
          )
        )
      )
      (out): Conv2d(1024, 128, kernel_size=(1, 1), stride=(1, 1), bias=False)
    )
    (aggregator): SCNN(
      (conv_d): Conv2d(128, 128, kernel_size=(1, 9), stride=(1, 1), padding=(0, 4), bias=False)
      (conv_u): Conv2d(128, 128, kernel_size=(1, 9), stride=(1, 1), padding=(0, 4), bias=False)
      (conv_r): Conv2d(128, 128, kernel_size=(9, 1), stride=(1, 1), padding=(4, 0), bias=False)
      (conv_l): Conv2d(128, 128, kernel_size=(9, 1), stride=(1, 1), padding=(4, 0), bias=False)
    )
    (heads): LaneSeg(
      (decoder): PlainDecoder(
        (dropout): Dropout2d(p=0.1, inplace=False)
        (conv8): Conv2d(128, 5, kernel_size=(1, 1), stride=(1, 1))
      )
      (exist): ExistHead(
        (dropout): Dropout2d(p=0.1, inplace=False)
        (conv8): Conv2d(128, 5, kernel_size=(1, 1), stride=(1, 1))
        (fc9): Linear(in_features=4500, out_features=128, bias=True)
        (fc10): Linear(in_features=128, out_features=4, bias=True)
      )
    )
  )
)
2024-04-30 17:07:31,296 - lanedet.utils.recorder - INFO - Build train loader...
2024-04-30 17:07:31,297 - lanedet.datasets.base_dataset - INFO - Loading CULane annotations...
2024-04-30 17:10:04,898 - lanedet.utils.recorder - INFO - Start training...
2024-04-30 17:10:12,863 - lanedet.utils.recorder - INFO - epoch: 0  step: 1  lr: 0.0000  seg_loss: 1.6752  exist_loss: 0.0535  data: 3.9786  batch: 7.9633  eta: 12 days, 6:54:23
2024-04-30 17:17:39,646 - lanedet.utils.recorder - INFO - epoch: 0  step: 1001  lr: 0.0010  seg_loss: 0.4493  exist_loss: 0.0609  data: 0.2157  batch: 0.4524  eta: 16:41:23
2024-04-30 17:25:10,235 - lanedet.utils.recorder - INFO - epoch: 0  step: 2001  lr: 0.0020  seg_loss: 0.3175  exist_loss: 0.0579  data: 0.2132  batch: 0.4494  eta: 16:30:00
2024-04-30 17:32:39,463 - lanedet.utils.recorder - INFO - epoch: 0  step: 3001  lr: 0.0029  seg_loss: 0.2498  exist_loss: 0.0567  data: 0.2128  batch: 0.4479  eta: 16:20:13
2024-04-30 17:40:08,673 - lanedet.utils.recorder - INFO - epoch: 0  step: 4001  lr: 0.0039  seg_loss: 0.2098  exist_loss: 0.0557  data: 0.2138  batch: 0.4499  eta: 16:11:34
2024-04-30 17:47:37,836 - lanedet.utils.recorder - INFO - epoch: 0  step: 5001  lr: 0.0048  seg_loss: 0.1919  exist_loss: 0.0555  data: 0.2128  batch: 0.4486  eta: 16:03:21
2024-04-30 17:55:06,964 - lanedet.utils.recorder - INFO - epoch: 0  step: 6001  lr: 0.0048  seg_loss: 0.1957  exist_loss: 0.0505  data: 0.2133  batch: 0.4493  eta: 15:55:23
2024-04-30 18:02:36,231 - lanedet.utils.recorder - INFO - epoch: 0  step: 7001  lr: 0.0048  seg_loss: 0.1754  exist_loss: 0.0553  data: 0.2131  batch: 0.4490  eta: 15:47:35
2024-04-30 18:10:05,365 - lanedet.utils.recorder - INFO - epoch: 0  step: 8001  lr: 0.0047  seg_loss: 0.1643  exist_loss: 0.0496  data: 0.2132  batch: 0.4489  eta: 15:39:50
2024-04-30 18:17:34,810 - lanedet.utils.recorder - INFO - epoch: 0  step: 9001  lr: 0.0047  seg_loss: 0.1512  exist_loss: 0.0535  data: 0.2131  batch: 0.4488  eta: 15:32:13
2024-04-30 18:25:03,799 - lanedet.utils.recorder - INFO - epoch: 0  step: 10001  lr: 0.0047  seg_loss: 0.1598  exist_loss: 0.0522  data: 0.2139  batch: 0.4498  eta: 15:24:31
2024-04-30 18:32:32,734 - lanedet.utils.recorder - INFO - epoch: 0  step: 11001  lr: 0.0046  seg_loss: 0.1455  exist_loss: 0.0572  data: 0.2126  batch: 0.4492  eta: 15:16:52
2024-04-30 18:33:21,611 - lanedet.utils.recorder - INFO - epoch: 0  step: 11110  lr: 0.0046  seg_loss: 0.1426  exist_loss: 0.0510  data: 0.2126  batch: 0.4478  eta: 15:16:01
2024-04-30 18:33:25,892 - lanedet.utils.recorder - INFO - epoch: 1  step: 11111  lr: 0.0046  seg_loss: 0.1419  exist_loss: 0.0511  data: 0.3867  batch: 0.6218  eta: 15:16:39
2024-04-30 18:40:54,777 - lanedet.utils.recorder - INFO - epoch: 1  step: 12111  lr: 0.0046  seg_loss: 0.1498  exist_loss: 0.0510  data: 0.2133  batch: 0.4490  eta: 15:08:57
2024-04-30 18:48:24,078 - lanedet.utils.recorder - INFO - epoch: 1  step: 13111  lr: 0.0046  seg_loss: 0.1473  exist_loss: 0.0512  data: 0.2135  batch: 0.4492  eta: 15:01:21
2024-04-30 18:55:53,526 - lanedet.utils.recorder - INFO - epoch: 1  step: 14111  lr: 0.0045  seg_loss: 0.1292  exist_loss: 0.0505  data: 0.2143  batch: 0.4504  eta: 14:53:48
2024-04-30 19:03:22,957 - lanedet.utils.recorder - INFO - epoch: 1  step: 15111  lr: 0.0045  seg_loss: 0.1436  exist_loss: 0.0514  data: 0.2137  batch: 0.4493  eta: 14:46:14
2024-04-30 19:10:52,297 - lanedet.utils.recorder - INFO - epoch: 1  step: 16111  lr: 0.0045  seg_loss: 0.1284  exist_loss: 0.0474  data: 0.2135  batch: 0.4493  eta: 14:38:41
2024-04-30 19:18:21,863 - lanedet.utils.recorder - INFO - epoch: 1  step: 17111  lr: 0.0044  seg_loss: 0.1284  exist_loss: 0.0460  data: 0.2140  batch: 0.4502  eta: 14:31:09
2024-04-30 19:25:51,402 - lanedet.utils.recorder - INFO - epoch: 1  step: 18111  lr: 0.0044  seg_loss: 0.1357  exist_loss: 0.0509  data: 0.2128  batch: 0.4488  eta: 14:23:38
2024-04-30 19:33:20,790 - lanedet.utils.recorder - INFO - epoch: 1  step: 19111  lr: 0.0044  seg_loss: 0.1321  exist_loss: 0.0426  data: 0.2139  batch: 0.4499  eta: 14:16:06
2024-04-30 19:40:50,045 - lanedet.utils.recorder - INFO - epoch: 1  step: 20111  lr: 0.0043  seg_loss: 0.1312  exist_loss: 0.0435  data: 0.2131  batch: 0.4488  eta: 14:08:33
2024-04-30 19:48:18,948 - lanedet.utils.recorder - INFO - epoch: 1  step: 21111  lr: 0.0043  seg_loss: 0.1282  exist_loss: 0.0481  data: 0.2123  batch: 0.4479  eta: 14:00:59
2024-04-30 19:55:47,823 - lanedet.utils.recorder - INFO - epoch: 1  step: 22111  lr: 0.0042  seg_loss: 0.1339  exist_loss: 0.0447  data: 0.2127  batch: 0.4482  eta: 13:53:25
2024-04-30 19:56:36,696 - lanedet.utils.recorder - INFO - epoch: 1  step: 22220  lr: 0.0042  seg_loss: 0.1152  exist_loss: 0.0443  data: 0.2128  batch: 0.4480  eta: 13:52:36
2024-04-30 19:56:41,060 - lanedet.utils.recorder - INFO - epoch: 2  step: 22221  lr: 0.0042  seg_loss: 0.1128  exist_loss: 0.0452  data: 0.3909  batch: 0.6261  eta: 13:52:53
2024-04-30 20:04:09,627 - lanedet.utils.recorder - INFO - epoch: 2  step: 23221  lr: 0.0042  seg_loss: 0.1234  exist_loss: 0.0470  data: 0.2142  batch: 0.4503  eta: 13:45:17
2024-04-30 20:11:38,403 - lanedet.utils.recorder - INFO - epoch: 2  step: 24221  lr: 0.0042  seg_loss: 0.1237  exist_loss: 0.0459  data: 0.2131  batch: 0.4493  eta: 13:37:43
2024-04-30 20:19:07,074 - lanedet.utils.recorder - INFO - epoch: 2  step: 25221  lr: 0.0041  seg_loss: 0.1301  exist_loss: 0.0460  data: 0.2133  batch: 0.4493  eta: 13:30:09
2024-04-30 20:26:36,148 - lanedet.utils.recorder - INFO - epoch: 2  step: 26221  lr: 0.0041  seg_loss: 0.1163  exist_loss: 0.0449  data: 0.2129  batch: 0.4485  eta: 13:22:37
2024-04-30 20:34:05,300 - lanedet.utils.recorder - INFO - epoch: 2  step: 27221  lr: 0.0041  seg_loss: 0.1203  exist_loss: 0.0469  data: 0.2130  batch: 0.4486  eta: 13:15:05
2024-04-30 20:41:34,168 - lanedet.utils.recorder - INFO - epoch: 2  step: 28221  lr: 0.0040  seg_loss: 0.1426  exist_loss: 0.0471  data: 0.2135  batch: 0.4503  eta: 13:07:33
2024-04-30 20:49:03,263 - lanedet.utils.recorder - INFO - epoch: 2  step: 29221  lr: 0.0040  seg_loss: 0.1197  exist_loss: 0.0445  data: 0.2127  batch: 0.4482  eta: 13:00:01
2024-04-30 20:56:31,971 - lanedet.utils.recorder - INFO - epoch: 2  step: 30221  lr: 0.0040  seg_loss: 0.1269  exist_loss: 0.0449  data: 0.2126  batch: 0.4481  eta: 12:52:29
2024-04-30 21:04:00,640 - lanedet.utils.recorder - INFO - epoch: 2  step: 31221  lr: 0.0039  seg_loss: 0.1242  exist_loss: 0.0468  data: 0.2129  batch: 0.4485  eta: 12:44:56
2024-04-30 21:11:29,583 - lanedet.utils.recorder - INFO - epoch: 2  step: 32221  lr: 0.0039  seg_loss: 0.1160  exist_loss: 0.0489  data: 0.2130  batch: 0.4489  eta: 12:37:25
2024-04-30 21:18:58,693 - lanedet.utils.recorder - INFO - epoch: 2  step: 33221  lr: 0.0039  seg_loss: 0.1146  exist_loss: 0.0469  data: 0.2131  batch: 0.4488  eta: 12:29:54
2024-04-30 21:19:47,596 - lanedet.utils.recorder - INFO - epoch: 2  step: 33330  lr: 0.0039  seg_loss: 0.1250  exist_loss: 0.0479  data: 0.2124  batch: 0.4471  eta: 12:29:05
2024-04-30 21:19:51,982 - lanedet.utils.recorder - INFO - epoch: 3  step: 33331  lr: 0.0039  seg_loss: 0.1223  exist_loss: 0.0485  data: 0.3912  batch: 0.6263  eta: 12:29:15
2024-04-30 21:27:20,476 - lanedet.utils.recorder - INFO - epoch: 3  step: 34331  lr: 0.0038  seg_loss: 0.1273  exist_loss: 0.0455  data: 0.2132  batch: 0.4489  eta: 12:21:42
2024-04-30 21:34:49,303 - lanedet.utils.recorder - INFO - epoch: 3  step: 35331  lr: 0.0038  seg_loss: 0.1040  exist_loss: 0.0466  data: 0.2122  batch: 0.4473  eta: 12:14:11
2024-04-30 21:42:18,266 - lanedet.utils.recorder - INFO - epoch: 3  step: 36331  lr: 0.0038  seg_loss: 0.1169  exist_loss: 0.0466  data: 0.2139  batch: 0.4500  eta: 12:06:39
2024-04-30 21:49:47,205 - lanedet.utils.recorder - INFO - epoch: 3  step: 37331  lr: 0.0037  seg_loss: 0.0998  exist_loss: 0.0496  data: 0.2135  batch: 0.4492  eta: 11:59:08
2024-04-30 21:57:15,648 - lanedet.utils.recorder - INFO - epoch: 3  step: 38331  lr: 0.0037  seg_loss: 0.1150  exist_loss: 0.0441  data: 0.2132  batch: 0.4491  eta: 11:51:36
2024-04-30 22:04:44,353 - lanedet.utils.recorder - INFO - epoch: 3  step: 39331  lr: 0.0037  seg_loss: 0.1138  exist_loss: 0.0456  data: 0.2120  batch: 0.4486  eta: 11:44:05
2024-04-30 22:12:13,263 - lanedet.utils.recorder - INFO - epoch: 3  step: 40331  lr: 0.0036  seg_loss: 0.1169  exist_loss: 0.0474  data: 0.2124  batch: 0.4478  eta: 11:36:34
2024-04-30 22:19:42,402 - lanedet.utils.recorder - INFO - epoch: 3  step: 41331  lr: 0.0036  seg_loss: 0.1126  exist_loss: 0.0465  data: 0.2130  batch: 0.4487  eta: 11:29:04
2024-04-30 22:27:11,393 - lanedet.utils.recorder - INFO - epoch: 3  step: 42331  lr: 0.0035  seg_loss: 0.1289  exist_loss: 0.0436  data: 0.2130  batch: 0.4487  eta: 11:21:33
2024-04-30 22:34:39,983 - lanedet.utils.recorder - INFO - epoch: 3  step: 43331  lr: 0.0035  seg_loss: 0.1136  exist_loss: 0.0455  data: 0.2125  batch: 0.4480  eta: 11:14:02
2024-04-30 22:42:08,563 - lanedet.utils.recorder - INFO - epoch: 3  step: 44331  lr: 0.0035  seg_loss: 0.1103  exist_loss: 0.0444  data: 0.2123  batch: 0.4490  eta: 11:06:31
2024-04-30 22:42:57,463 - lanedet.utils.recorder - INFO - epoch: 3  step: 44440  lr: 0.0035  seg_loss: 0.1105  exist_loss: 0.0436  data: 0.2125  batch: 0.4476  eta: 11:05:42
2024-04-30 22:43:01,904 - lanedet.utils.recorder - INFO - epoch: 4  step: 44441  lr: 0.0035  seg_loss: 0.1089  exist_loss: 0.0439  data: 0.3946  batch: 0.6298  eta: 11:05:49
2024-04-30 22:50:30,222 - lanedet.utils.recorder - INFO - epoch: 4  step: 45441  lr: 0.0034  seg_loss: 0.1027  exist_loss: 0.0468  data: 0.2134  batch: 0.4493  eta: 10:58:17
2024-04-30 22:57:59,085 - lanedet.utils.recorder - INFO - epoch: 4  step: 46441  lr: 0.0034  seg_loss: 0.1068  exist_loss: 0.0449  data: 0.2138  batch: 0.4497  eta: 10:50:47
2024-04-30 23:05:28,212 - lanedet.utils.recorder - INFO - epoch: 4  step: 47441  lr: 0.0034  seg_loss: 0.1070  exist_loss: 0.0436  data: 0.2136  batch: 0.4493  eta: 10:43:17
2024-04-30 23:12:57,078 - lanedet.utils.recorder - INFO - epoch: 4  step: 48441  lr: 0.0033  seg_loss: 0.1090  exist_loss: 0.0450  data: 0.2133  batch: 0.4490  eta: 10:35:46
2024-04-30 23:20:25,965 - lanedet.utils.recorder - INFO - epoch: 4  step: 49441  lr: 0.0033  seg_loss: 0.1053  exist_loss: 0.0459  data: 0.2138  batch: 0.4502  eta: 10:28:16
2024-04-30 23:27:54,857 - lanedet.utils.recorder - INFO - epoch: 4  step: 50441  lr: 0.0033  seg_loss: 0.1025  exist_loss: 0.0460  data: 0.2129  batch: 0.4496  eta: 10:20:45
2024-04-30 23:35:23,862 - lanedet.utils.recorder - INFO - epoch: 4  step: 51441  lr: 0.0032  seg_loss: 0.0894  exist_loss: 0.0443  data: 0.2136  batch: 0.4505  eta: 10:13:15
2024-04-30 23:42:53,028 - lanedet.utils.recorder - INFO - epoch: 4  step: 52441  lr: 0.0032  seg_loss: 0.1001  exist_loss: 0.0476  data: 0.2139  batch: 0.4500  eta: 10:05:46
2024-04-30 23:50:21,992 - lanedet.utils.recorder - INFO - epoch: 4  step: 53441  lr: 0.0032  seg_loss: 0.1098  exist_loss: 0.0433  data: 0.2132  batch: 0.4491  eta: 9:58:16
2024-04-30 23:57:50,858 - lanedet.utils.recorder - INFO - epoch: 4  step: 54441  lr: 0.0031  seg_loss: 0.0986  exist_loss: 0.0470  data: 0.2131  batch: 0.4495  eta: 9:50:46
2024-05-01 00:05:19,692 - lanedet.utils.recorder - INFO - epoch: 4  step: 55441  lr: 0.0031  seg_loss: 0.0996  exist_loss: 0.0479  data: 0.2130  batch: 0.4489  eta: 9:43:15
2024-05-01 00:06:08,599 - lanedet.utils.recorder - INFO - epoch: 4  step: 55550  lr: 0.0031  seg_loss: 0.0927  exist_loss: 0.0439  data: 0.2136  batch: 0.4492  eta: 9:42:26
2024-05-01 00:06:13,282 - lanedet.utils.recorder - INFO - epoch: 5  step: 55551  lr: 0.0031  seg_loss: 0.0982  exist_loss: 0.0435  data: 0.4077  batch: 0.6433  eta: 9:42:31
2024-05-01 00:13:41,563 - lanedet.utils.recorder - INFO - epoch: 5  step: 56551  lr: 0.0030  seg_loss: 0.0927  exist_loss: 0.0486  data: 0.2130  batch: 0.4485  eta: 9:35:00
2024-05-01 00:21:10,495 - lanedet.utils.recorder - INFO - epoch: 5  step: 57551  lr: 0.0030  seg_loss: 0.0992  exist_loss: 0.0449  data: 0.2138  batch: 0.4498  eta: 9:27:30
2024-05-01 00:28:39,229 - lanedet.utils.recorder - INFO - epoch: 5  step: 58551  lr: 0.0030  seg_loss: 0.1126  exist_loss: 0.0446  data: 0.2132  batch: 0.4491  eta: 9:20:00
2024-05-01 00:36:08,010 - lanedet.utils.recorder - INFO - epoch: 5  step: 59551  lr: 0.0029  seg_loss: 0.1005  exist_loss: 0.0453  data: 0.2134  batch: 0.4492  eta: 9:12:30
2024-05-01 00:43:36,920 - lanedet.utils.recorder - INFO - epoch: 5  step: 60551  lr: 0.0029  seg_loss: 0.1075  exist_loss: 0.0438  data: 0.2134  batch: 0.4492  eta: 9:05:00
2024-05-01 00:51:05,947 - lanedet.utils.recorder - INFO - epoch: 5  step: 61551  lr: 0.0029  seg_loss: 0.1009  exist_loss: 0.0455  data: 0.2135  batch: 0.4497  eta: 8:57:30
2024-05-01 00:58:35,070 - lanedet.utils.recorder - INFO - epoch: 5  step: 62551  lr: 0.0028  seg_loss: 0.1044  exist_loss: 0.0443  data: 0.2130  batch: 0.4486  eta: 8:50:01
2024-05-01 01:06:04,194 - lanedet.utils.recorder - INFO - epoch: 5  step: 63551  lr: 0.0028  seg_loss: 0.1026  exist_loss: 0.0457  data: 0.2136  batch: 0.4496  eta: 8:42:31
2024-05-01 01:13:33,290 - lanedet.utils.recorder - INFO - epoch: 5  step: 64551  lr: 0.0028  seg_loss: 0.0990  exist_loss: 0.0480  data: 0.2138  batch: 0.4499  eta: 8:35:01
2024-05-01 01:21:02,242 - lanedet.utils.recorder - INFO - epoch: 5  step: 65551  lr: 0.0027  seg_loss: 0.1044  exist_loss: 0.0436  data: 0.2129  batch: 0.4484  eta: 8:27:31
2024-05-01 01:28:31,103 - lanedet.utils.recorder - INFO - epoch: 5  step: 66551  lr: 0.0027  seg_loss: 0.1091  exist_loss: 0.0467  data: 0.2123  batch: 0.4484  eta: 8:20:02
2024-05-01 01:29:20,078 - lanedet.utils.recorder - INFO - epoch: 5  step: 66660  lr: 0.0027  seg_loss: 0.1147  exist_loss: 0.0479  data: 0.2129  batch: 0.4481  eta: 8:19:13
2024-05-01 01:29:20,223 - lanedet.datasets.base_dataset - INFO - Loading CULane annotations...
2024-05-01 01:51:20,305 - lanedet.datasets.base_dataset - INFO - {"TP": 76088, "FP": 29301, "FN": 28798, "Precision": 0.7219728814202621, "Recall": 0.7254352344450165, "F1": 0.7236999167756508}
2024-05-01 01:51:20,314 - lanedet.utils.recorder - INFO - 0.7236999167756508
2024-05-01 01:51:20,416 - lanedet.utils.recorder - INFO - Best metric: 0.7236999167756508
2024-05-01 01:51:25,161 - lanedet.utils.recorder - INFO - epoch: 6  step: 66661  lr: 0.0027  seg_loss: 0.1138  exist_loss: 0.0478  data: 0.4036  batch: 0.6387  eta: 8:19:16
2024-05-01 01:58:52,371 - lanedet.utils.recorder - INFO - epoch: 6  step: 67661  lr: 0.0026  seg_loss: 0.0909  exist_loss: 0.0493  data: 0.2140  batch: 0.4503  eta: 8:11:44
2024-05-01 02:06:21,473 - lanedet.utils.recorder - INFO - epoch: 6  step: 68661  lr: 0.0026  seg_loss: 0.0915  exist_loss: 0.0445  data: 0.2124  batch: 0.4482  eta: 8:04:15
2024-05-01 02:13:50,551 - lanedet.utils.recorder - INFO - epoch: 6  step: 69661  lr: 0.0026  seg_loss: 0.0956  exist_loss: 0.0460  data: 0.2124  batch: 0.4478  eta: 7:56:45
2024-05-01 02:21:19,582 - lanedet.utils.recorder - INFO - epoch: 6  step: 70661  lr: 0.0025  seg_loss: 0.1003  exist_loss: 0.0465  data: 0.2125  batch: 0.4483  eta: 7:49:16
2024-05-01 02:28:48,349 - lanedet.utils.recorder - INFO - epoch: 6  step: 71661  lr: 0.0025  seg_loss: 0.0912  exist_loss: 0.0486  data: 0.2128  batch: 0.4490  eta: 7:41:46
2024-05-01 02:36:17,179 - lanedet.utils.recorder - INFO - epoch: 6  step: 72661  lr: 0.0025  seg_loss: 0.0902  exist_loss: 0.0455  data: 0.2124  batch: 0.4478  eta: 7:34:16
2024-05-01 02:43:46,065 - lanedet.utils.recorder - INFO - epoch: 6  step: 73661  lr: 0.0024  seg_loss: 0.0997  exist_loss: 0.0446  data: 0.2128  batch: 0.4483  eta: 7:26:46
2024-05-01 02:51:14,953 - lanedet.utils.recorder - INFO - epoch: 6  step: 74661  lr: 0.0024  seg_loss: 0.0978  exist_loss: 0.0441  data: 0.2127  batch: 0.4484  eta: 7:19:17
2024-05-01 02:58:43,790 - lanedet.utils.recorder - INFO - epoch: 6  step: 75661  lr: 0.0024  seg_loss: 0.0914  exist_loss: 0.0460  data: 0.2125  batch: 0.4483  eta: 7:11:47
2024-05-01 03:06:12,813 - lanedet.utils.recorder - INFO - epoch: 6  step: 76661  lr: 0.0023  seg_loss: 0.0935  exist_loss: 0.0471  data: 0.2133  batch: 0.4489  eta: 7:04:17
2024-05-01 03:13:41,634 - lanedet.utils.recorder - INFO - epoch: 6  step: 77661  lr: 0.0023  seg_loss: 0.0897  exist_loss: 0.0422  data: 0.2122  batch: 0.4488  eta: 6:56:48
2024-05-01 03:14:30,506 - lanedet.utils.recorder - INFO - epoch: 6  step: 77770  lr: 0.0023  seg_loss: 0.0839  exist_loss: 0.0465  data: 0.2126  batch: 0.4476  eta: 6:55:59
2024-05-01 03:14:35,168 - lanedet.utils.recorder - INFO - epoch: 7  step: 77771  lr: 0.0023  seg_loss: 0.0874  exist_loss: 0.0467  data: 0.4045  batch: 0.6398  eta: 6:56:01
2024-05-01 03:22:03,363 - lanedet.utils.recorder - INFO - epoch: 7  step: 78771  lr: 0.0022  seg_loss: 0.0817  exist_loss: 0.0443  data: 0.2135  batch: 0.4494  eta: 6:48:31
2024-05-01 03:29:32,278 - lanedet.utils.recorder - INFO - epoch: 7  step: 79771  lr: 0.0022  seg_loss: 0.0746  exist_loss: 0.0461  data: 0.2133  batch: 0.4497  eta: 6:41:01
2024-05-01 03:37:01,113 - lanedet.utils.recorder - INFO - epoch: 7  step: 80771  lr: 0.0022  seg_loss: 0.0855  exist_loss: 0.0473  data: 0.2127  batch: 0.4480  eta: 6:33:31
2024-05-01 03:44:29,942 - lanedet.utils.recorder - INFO - epoch: 7  step: 81771  lr: 0.0021  seg_loss: 0.0905  exist_loss: 0.0454  data: 0.2132  batch: 0.4490  eta: 6:26:02
2024-05-01 03:51:58,814 - lanedet.utils.recorder - INFO - epoch: 7  step: 82771  lr: 0.0021  seg_loss: 0.0948  exist_loss: 0.0442  data: 0.2127  batch: 0.4488  eta: 6:18:32
2024-05-01 03:59:27,792 - lanedet.utils.recorder - INFO - epoch: 7  step: 83771  lr: 0.0021  seg_loss: 0.0930  exist_loss: 0.0454  data: 0.2133  batch: 0.4491  eta: 6:11:03
2024-05-01 04:06:56,240 - lanedet.utils.recorder - INFO - epoch: 7  step: 84771  lr: 0.0020  seg_loss: 0.1130  exist_loss: 0.0451  data: 0.2122  batch: 0.4474  eta: 6:03:33
2024-05-01 04:14:24,278 - lanedet.utils.recorder - INFO - epoch: 7  step: 85771  lr: 0.0020  seg_loss: 0.0867  exist_loss: 0.0467  data: 0.2124  batch: 0.4477  eta: 5:56:03
2024-05-01 04:21:51,933 - lanedet.utils.recorder - INFO - epoch: 7  step: 86771  lr: 0.0019  seg_loss: 0.0867  exist_loss: 0.0466  data: 0.2121  batch: 0.4474  eta: 5:48:33
2024-05-01 04:29:19,792 - lanedet.utils.recorder - INFO - epoch: 7  step: 87771  lr: 0.0019  seg_loss: 0.0900  exist_loss: 0.0473  data: 0.2125  batch: 0.4485  eta: 5:41:03
2024-05-01 04:36:48,194 - lanedet.utils.recorder - INFO - epoch: 7  step: 88771  lr: 0.0019  seg_loss: 0.0848  exist_loss: 0.0435  data: 0.2121  batch: 0.4474  eta: 5:33:33
2024-05-01 04:37:37,098 - lanedet.utils.recorder - INFO - epoch: 7  step: 88880  lr: 0.0019  seg_loss: 0.0826  exist_loss: 0.0502  data: 0.2124  batch: 0.4474  eta: 5:32:44
2024-05-01 04:37:41,706 - lanedet.utils.recorder - INFO - epoch: 8  step: 88881  lr: 0.0019  seg_loss: 0.0827  exist_loss: 0.0498  data: 0.4019  batch: 0.6370  eta: 5:32:45
2024-05-01 04:45:10,075 - lanedet.utils.recorder - INFO - epoch: 8  step: 89881  lr: 0.0018  seg_loss: 0.0765  exist_loss: 0.0470  data: 0.2125  batch: 0.4480  eta: 5:25:16
2024-05-01 04:52:38,502 - lanedet.utils.recorder - INFO - epoch: 8  step: 90881  lr: 0.0018  seg_loss: 0.0841  exist_loss: 0.0460  data: 0.2128  batch: 0.4483  eta: 5:17:46
2024-05-01 05:00:06,916 - lanedet.utils.recorder - INFO - epoch: 8  step: 91881  lr: 0.0017  seg_loss: 0.0811  exist_loss: 0.0493  data: 0.2128  batch: 0.4486  eta: 5:10:16
2024-05-01 05:07:35,462 - lanedet.utils.recorder - INFO - epoch: 8  step: 92881  lr: 0.0017  seg_loss: 0.0836  exist_loss: 0.0446  data: 0.2135  batch: 0.4495  eta: 5:02:47
2024-05-01 05:15:03,850 - lanedet.utils.recorder - INFO - epoch: 8  step: 93881  lr: 0.0017  seg_loss: 0.0920  exist_loss: 0.0458  data: 0.2135  batch: 0.4495  eta: 4:55:17
2024-05-01 05:22:32,094 - lanedet.utils.recorder - INFO - epoch: 8  step: 94881  lr: 0.0016  seg_loss: 0.0840  exist_loss: 0.0443  data: 0.2123  batch: 0.4473  eta: 4:47:48
2024-05-01 05:30:00,248 - lanedet.utils.recorder - INFO - epoch: 8  step: 95881  lr: 0.0016  seg_loss: 0.0920  exist_loss: 0.0447  data: 0.2121  batch: 0.4472  eta: 4:40:18
2024-05-01 05:37:28,527 - lanedet.utils.recorder - INFO - epoch: 8  step: 96881  lr: 0.0016  seg_loss: 0.0843  exist_loss: 0.0458  data: 0.2131  batch: 0.4485  eta: 4:32:48
2024-05-01 05:44:57,009 - lanedet.utils.recorder - INFO - epoch: 8  step: 97881  lr: 0.0015  seg_loss: 0.0933  exist_loss: 0.0453  data: 0.2134  batch: 0.4496  eta: 4:25:19
2024-05-01 05:52:25,605 - lanedet.utils.recorder - INFO - epoch: 8  step: 98881  lr: 0.0015  seg_loss: 0.0905  exist_loss: 0.0467  data: 0.2133  batch: 0.4488  eta: 4:17:49
2024-05-01 05:59:54,187 - lanedet.utils.recorder - INFO - epoch: 8  step: 99881  lr: 0.0014  seg_loss: 0.0835  exist_loss: 0.0424  data: 0.2128  batch: 0.4487  eta: 4:10:20
2024-05-01 06:00:43,044 - lanedet.utils.recorder - INFO - epoch: 8  step: 99990  lr: 0.0014  seg_loss: 0.0816  exist_loss: 0.0459  data: 0.2126  batch: 0.4476  eta: 4:09:31
2024-05-01 06:00:47,578 - lanedet.utils.recorder - INFO - epoch: 9  step: 99991  lr: 0.0014  seg_loss: 0.0819  exist_loss: 0.0458  data: 0.3994  batch: 0.6343  eta: 4:09:32
2024-05-01 06:08:15,909 - lanedet.utils.recorder - INFO - epoch: 9  step: 100991  lr: 0.0014  seg_loss: 0.0797  exist_loss: 0.0454  data: 0.2131  batch: 0.4489  eta: 4:02:02
2024-05-01 06:15:44,434 - lanedet.utils.recorder - INFO - epoch: 9  step: 101991  lr: 0.0014  seg_loss: 0.0891  exist_loss: 0.0434  data: 0.2123  batch: 0.4477  eta: 3:54:33
2024-05-01 06:23:12,902 - lanedet.utils.recorder - INFO - epoch: 9  step: 102991  lr: 0.0013  seg_loss: 0.0867  exist_loss: 0.0427  data: 0.2128  batch: 0.4484  eta: 3:47:03
2024-05-01 06:30:41,281 - lanedet.utils.recorder - INFO - epoch: 9  step: 103991  lr: 0.0013  seg_loss: 0.0739  exist_loss: 0.0437  data: 0.2130  batch: 0.4487  eta: 3:39:34
2024-05-01 06:38:09,872 - lanedet.utils.recorder - INFO - epoch: 9  step: 104991  lr: 0.0012  seg_loss: 0.0733  exist_loss: 0.0460  data: 0.2130  batch: 0.4486  eta: 3:32:05
2024-05-01 06:45:38,396 - lanedet.utils.recorder - INFO - epoch: 9  step: 105991  lr: 0.0012  seg_loss: 0.0864  exist_loss: 0.0436  data: 0.2121  batch: 0.4477  eta: 3:24:35
2024-05-01 06:53:07,077 - lanedet.utils.recorder - INFO - epoch: 9  step: 106991  lr: 0.0012  seg_loss: 0.0846  exist_loss: 0.0471  data: 0.2126  batch: 0.4483  eta: 3:17:06
2024-05-01 07:00:35,799 - lanedet.utils.recorder - INFO - epoch: 9  step: 107991  lr: 0.0011  seg_loss: 0.0787  exist_loss: 0.0447  data: 0.2131  batch: 0.4496  eta: 3:09:37
2024-05-01 07:08:04,278 - lanedet.utils.recorder - INFO - epoch: 9  step: 108991  lr: 0.0011  seg_loss: 0.0835  exist_loss: 0.0436  data: 0.2133  batch: 0.4499  eta: 3:02:07
2024-05-01 07:15:32,608 - lanedet.utils.recorder - INFO - epoch: 9  step: 109991  lr: 0.0010  seg_loss: 0.0734  exist_loss: 0.0447  data: 0.2126  batch: 0.4483  eta: 2:54:38
2024-05-01 07:23:00,973 - lanedet.utils.recorder - INFO - epoch: 9  step: 110991  lr: 0.0010  seg_loss: 0.0883  exist_loss: 0.0450  data: 0.2117  batch: 0.4489  eta: 2:47:09
2024-05-01 07:23:49,825 - lanedet.utils.recorder - INFO - epoch: 9  step: 111100  lr: 0.0010  seg_loss: 0.0817  exist_loss: 0.0446  data: 0.2120  batch: 0.4470  eta: 2:46:20
2024-05-01 07:23:54,339 - lanedet.utils.recorder - INFO - epoch: 10  step: 111101  lr: 0.0010  seg_loss: 0.0828  exist_loss: 0.0448  data: 0.3969  batch: 0.6320  eta: 2:46:20
2024-05-01 07:31:22,380 - lanedet.utils.recorder - INFO - epoch: 10  step: 112101  lr: 0.0010  seg_loss: 0.0792  exist_loss: 0.0435  data: 0.2125  batch: 0.4476  eta: 2:38:51
2024-05-01 07:38:50,791 - lanedet.utils.recorder - INFO - epoch: 10  step: 113101  lr: 0.0009  seg_loss: 0.0798  exist_loss: 0.0455  data: 0.2127  batch: 0.4480  eta: 2:31:21
2024-05-01 07:46:19,285 - lanedet.utils.recorder - INFO - epoch: 10  step: 114101  lr: 0.0009  seg_loss: 0.0829  exist_loss: 0.0420  data: 0.2126  batch: 0.4479  eta: 2:23:52
2024-05-01 07:53:47,688 - lanedet.utils.recorder - INFO - epoch: 10  step: 115101  lr: 0.0008  seg_loss: 0.0821  exist_loss: 0.0441  data: 0.2135  batch: 0.4494  eta: 2:16:23
2024-05-01 08:01:16,136 - lanedet.utils.recorder - INFO - epoch: 10  step: 116101  lr: 0.0008  seg_loss: 0.0753  exist_loss: 0.0443  data: 0.2124  batch: 0.4485  eta: 2:08:53
2024-05-01 08:08:44,937 - lanedet.utils.recorder - INFO - epoch: 10  step: 117101  lr: 0.0008  seg_loss: 0.0852  exist_loss: 0.0463  data: 0.2129  batch: 0.4488  eta: 2:01:24
2024-05-01 08:16:13,839 - lanedet.utils.recorder - INFO - epoch: 10  step: 118101  lr: 0.0007  seg_loss: 0.0879  exist_loss: 0.0449  data: 0.2137  batch: 0.4497  eta: 1:53:55
2024-05-01 08:23:42,848 - lanedet.utils.recorder - INFO - epoch: 10  step: 119101  lr: 0.0007  seg_loss: 0.0822  exist_loss: 0.0474  data: 0.2129  batch: 0.4484  eta: 1:46:26
2024-05-01 08:31:11,730 - lanedet.utils.recorder - INFO - epoch: 10  step: 120101  lr: 0.0006  seg_loss: 0.0672  exist_loss: 0.0457  data: 0.2132  batch: 0.4485  eta: 1:38:57
2024-05-01 08:38:40,805 - lanedet.utils.recorder - INFO - epoch: 10  step: 121101  lr: 0.0006  seg_loss: 0.0787  exist_loss: 0.0443  data: 0.2135  batch: 0.4494  eta: 1:31:28
2024-05-01 08:46:11,343 - lanedet.utils.recorder - INFO - epoch: 10  step: 122101  lr: 0.0005  seg_loss: 0.0736  exist_loss: 0.0447  data: 0.2136  batch: 0.4499  eta: 1:23:59
2024-05-01 08:47:00,222 - lanedet.utils.recorder - INFO - epoch: 10  step: 122210  lr: 0.0005  seg_loss: 0.0727  exist_loss: 0.0448  data: 0.2130  batch: 0.4484  eta: 1:23:10
2024-05-01 08:47:04,902 - lanedet.utils.recorder - INFO - epoch: 11  step: 122211  lr: 0.0005  seg_loss: 0.0744  exist_loss: 0.0436  data: 0.4061  batch: 0.6415  eta: 1:23:09
2024-05-01 08:54:33,354 - lanedet.utils.recorder - INFO - epoch: 11  step: 123211  lr: 0.0005  seg_loss: 0.0736  exist_loss: 0.0458  data: 0.2124  batch: 0.4477  eta: 1:15:40
2024-05-01 09:02:02,193 - lanedet.utils.recorder - INFO - epoch: 11  step: 124211  lr: 0.0004  seg_loss: 0.0779  exist_loss: 0.0450  data: 0.2129  batch: 0.4487  eta: 1:08:11
2024-05-01 09:09:30,786 - lanedet.utils.recorder - INFO - epoch: 11  step: 125211  lr: 0.0004  seg_loss: 0.0659  exist_loss: 0.0445  data: 0.2123  batch: 0.4478  eta: 1:00:42
2024-05-01 09:16:59,496 - lanedet.utils.recorder - INFO - epoch: 11  step: 126211  lr: 0.0004  seg_loss: 0.0713  exist_loss: 0.0444  data: 0.2126  batch: 0.4480  eta: 0:53:13
2024-05-01 09:24:28,036 - lanedet.utils.recorder - INFO - epoch: 11  step: 127211  lr: 0.0003  seg_loss: 0.0720  exist_loss: 0.0415  data: 0.2129  batch: 0.4483  eta: 0:45:43
2024-05-01 09:31:56,680 - lanedet.utils.recorder - INFO - epoch: 11  step: 128211  lr: 0.0003  seg_loss: 0.0675  exist_loss: 0.0432  data: 0.2129  batch: 0.4482  eta: 0:38:14
2024-05-01 09:39:25,469 - lanedet.utils.recorder - INFO - epoch: 11  step: 129211  lr: 0.0002  seg_loss: 0.0698  exist_loss: 0.0449  data: 0.2127  batch: 0.4483  eta: 0:30:45
2024-05-01 09:46:54,384 - lanedet.utils.recorder - INFO - epoch: 11  step: 130211  lr: 0.0002  seg_loss: 0.0748  exist_loss: 0.0437  data: 0.2131  batch: 0.4485  eta: 0:23:16
2024-05-01 09:54:23,407 - lanedet.utils.recorder - INFO - epoch: 11  step: 131211  lr: 0.0001  seg_loss: 0.0766  exist_loss: 0.0469  data: 0.2121  batch: 0.4481  eta: 0:15:47
2024-05-01 10:01:52,211 - lanedet.utils.recorder - INFO - epoch: 11  step: 132211  lr: 0.0001  seg_loss: 0.0799  exist_loss: 0.0446  data: 0.2121  batch: 0.4475  eta: 0:08:18
2024-05-01 10:09:20,947 - lanedet.utils.recorder - INFO - epoch: 11  step: 133211  lr: 0.0000  seg_loss: 0.0838  exist_loss: 0.0462  data: 0.2132  batch: 0.4488  eta: 0:00:48
2024-05-01 10:10:09,889 - lanedet.utils.recorder - INFO - epoch: 11  step: 133320  lr: 0.0000  seg_loss: 0.0713  exist_loss: 0.0456  data: 0.2123  batch: 0.4479  eta: 0:00:00
2024-05-01 10:31:06,066 - lanedet.datasets.base_dataset - INFO - {"TP": 78050, "FP": 26413, "FN": 26836, "Precision": 0.7471544948929286, "Recall": 0.7441412581278721, "F1": 0.7456448323135052}
2024-05-01 10:31:06,075 - lanedet.utils.recorder - INFO - 0.7456448323135052
2024-05-01 10:31:06,233 - lanedet.utils.recorder - INFO - Best metric: 0.7456448323135052
